  GSPlay.cpp
D:\GameLoft\MiniGameStarter\TrainingFramework\src\GameStates\GSPlay.cpp(47,92): warning C4244: 'argument': conversion from 'float' to 'GLint', possible loss of data
D:\GameLoft\MiniGameStarter\TrainingFramework\src\GameStates\GSPlay.cpp(47,58): warning C4244: 'argument': conversion from 'float' to 'GLint', possible loss of data
D:\GameLoft\MiniGameStarter\TrainingFramework\src\GameStates\GSPlay.cpp(546,2): warning C4809: switch statement has redundant 'default' label; all possible 'case' labels are given
D:\Program Files (x86)\Microsoft Visual Studio\2019\Community\VC\Tools\MSVC\14.29.30133\include\xutility(149,77): warning C4244: 'argument': conversion from '_Ty' to 'float', possible loss of data
          with
          [
              _Ty=double
          ]
D:\Program Files (x86)\Microsoft Visual Studio\2019\Community\VC\Tools\MSVC\14.29.30133\include\memory(2014): message : see reference to function template instantiation 'void std::_Construct_in_place<_Ty,std::shared_ptr<Shader>&,std::shared_ptr<Font>&,const char(&)[3],TextColor,double>(_Ty &,std::shared_ptr<Shader> &,std::shared_ptr<Font> &,const char (&)[3],TextColor &&,double &&) noexcept(false)' being compiled
          with
          [
              _Ty=Text
          ]
D:\Program Files (x86)\Microsoft Visual Studio\2019\Community\VC\Tools\MSVC\14.29.30133\include\memory(2726): message : see reference to function template instantiation 'std::_Ref_count_obj2<_Ty>::_Ref_count_obj2<std::shared_ptr<Shader>&,std::shared_ptr<Font>&,const char(&)[3],TextColor,double>(std::shared_ptr<Shader> &,std::shared_ptr<Font> &,const char (&)[3],TextColor &&,double &&)' being compiled
          with
          [
              _Ty=Text
          ]
D:\Program Files (x86)\Microsoft Visual Studio\2019\Community\VC\Tools\MSVC\14.29.30133\include\memory(2726): message : see reference to function template instantiation 'std::_Ref_count_obj2<_Ty>::_Ref_count_obj2<std::shared_ptr<Shader>&,std::shared_ptr<Font>&,const char(&)[3],TextColor,double>(std::shared_ptr<Shader> &,std::shared_ptr<Font> &,const char (&)[3],TextColor &&,double &&)' being compiled
          with
          [
              _Ty=Text
          ]
D:\GameLoft\MiniGameStarter\TrainingFramework\src\GameStates\GSPlay.cpp(88): message : see reference to function template instantiation 'std::shared_ptr<Text> std::make_shared<Text,std::shared_ptr<Shader>&,std::shared_ptr<Font>&,const char(&)[3],TextColor,double>(std::shared_ptr<Shader> &,std::shared_ptr<Font> &,const char (&)[3],TextColor &&,double &&)' being compiled
D:\Program Files (x86)\Microsoft Visual Studio\2019\Community\VC\Tools\MSVC\14.29.30133\include\xutility(149,77): warning C4244: 'argument': conversion from '_Ty' to 'float', possible loss of data
          with
          [
              _Ty=int
          ]
D:\Program Files (x86)\Microsoft Visual Studio\2019\Community\VC\Tools\MSVC\14.29.30133\include\memory(2014): message : see reference to function template instantiation 'void std::_Construct_in_place<_Ty,int,int>(_Ty &,int &&,int &&) noexcept(false)' being compiled
          with
          [
              _Ty=Slime
          ]
D:\Program Files (x86)\Microsoft Visual Studio\2019\Community\VC\Tools\MSVC\14.29.30133\include\memory(2726): message : see reference to function template instantiation 'std::_Ref_count_obj2<_Ty>::_Ref_count_obj2<int,int>(int &&,int &&)' being compiled
          with
          [
              _Ty=Slime
          ]
D:\Program Files (x86)\Microsoft Visual Studio\2019\Community\VC\Tools\MSVC\14.29.30133\include\memory(2726): message : see reference to function template instantiation 'std::_Ref_count_obj2<_Ty>::_Ref_count_obj2<int,int>(int &&,int &&)' being compiled
          with
          [
              _Ty=Slime
          ]
D:\GameLoft\MiniGameStarter\TrainingFramework\src\GameStates\GSPlay.cpp(122): message : see reference to function template instantiation 'std::shared_ptr<Slime> std::make_shared<Slime,int,int>(int &&,int &&)' being compiled
  TrainingFramework.vcxproj -> D:\GameLoft\MiniGameStarter\BIN-Nvidia\TrainingFramework.exe
